# JRE version: 7.0_09-b05
# Java VM: Java HotSpot(TM) 64-Bit Server VM (23.5-b02 mixed mode windows-amd64 compressed oops)
Heap
 PSYoungGen      total 36480K, used 11761K [0x00000000d74b0000, 0x00000000d9d60000, 0x0000000100000000)
  eden space 31296K, 21% used [0x00000000d74b0000,0x00000000d7b1e080,0x00000000d9340000)
  from space 5184K, 99% used [0x00000000d9340000,0x00000000d984e460,0x00000000d9850000)
  to   space 5184K, 0% used [0x00000000d9850000,0x00000000d9850000,0x00000000d9d60000)
 ParOldGen       total 83392K, used 20457K [0x0000000085e00000, 0x000000008af70000, 0x00000000d74b0000)
  object space 83392K, 24% used [0x0000000085e00000,0x00000000871fa4c0,0x000000008af70000)
 PSPermGen       total 21248K, used 4769K [0x0000000080c00000, 0x00000000820c0000, 0x0000000085e00000)
  object space 21248K, 22% used [0x0000000080c00000,0x00000000810a84a8,0x00000000820c0000)
GC Heap History (6 events):
Event: 0.456 GC heap before
{Heap before GC invocations=1 (full 0):
 PSYoungGen      total 36480K, used 31296K [0x00000000d74b0000, 0x00000000d9d60000, 0x0000000100000000)
  eden space 31296K, 100% used [0x00000000d74b0000,0x00000000d9340000,0x00000000d9340000)
  from space 5184K, 0% used [0x00000000d9850000,0x00000000d9850000,0x00000000d9d60000)
  to   space 5184K, 0% used [0x00000000d9340000,0x00000000d9340000,0x00000000d9850000)
 ParOldGen       total 83392K, used 0K [0x0000000085e00000, 0x000000008af70000, 0x00000000d74b0000)
  object space 83392K, 0% used [0x0000000085e00000,0x0000000085e00000,0x000000008af70000)
 PSPermGen       total 21248K, used 3888K [0x0000000080c00000, 0x00000000820c0000, 0x0000000085e00000)
  object space 21248K, 18% used [0x0000000080c00000,0x0000000080fcc378,0x00000000820c0000)
Event: 0.460 GC heap after
Heap after GC invocations=1 (full 0):
 PSYoungGen      total 36480K, used 1022K [0x00000000d74b0000, 0x00000000d9d60000, 0x0000000100000000)
  eden space 31296K, 0% used [0x00000000d74b0000,0x00000000d74b0000,0x00000000d9340000)
  from space 5184K, 19% used [0x00000000d9340000,0x00000000d943fb00,0x00000000d9850000)
  to   space 5184K, 0% used [0x00000000d9850000,0x00000000d9850000,0x00000000d9d60000)
 ParOldGen       total 83392K, used 0K [0x0000000085e00000, 0x000000008af70000, 0x00000000d74b0000)
  object space 83392K, 0% used [0x0000000085e00000,0x0000000085e00000,0x000000008af70000)
 PSPermGen       total 21248K, used 3888K [0x0000000080c00000, 0x00000000820c0000, 0x0000000085e00000)
  object space 21248K, 18% used [0x0000000080c00000,0x0000000080fcc378,0x00000000820c0000)
}
Event: 1.499 GC heap before
{Heap before GC invocations=2 (full 0):
 PSYoungGen      total 36480K, used 32318K [0x00000000d74b0000, 0x00000000d9d60000, 0x0000000100000000)
  eden space 31296K, 100% used [0x00000000d74b0000,0x00000000d9340000,0x00000000d9340000)
  from space 5184K, 19% used [0x00000000d9340000,0x00000000d943fb00,0x00000000d9850000)
  to   space 5184K, 0% used [0x00000000d9850000,0x00000000d9850000,0x00000000d9d60000)
 ParOldGen       total 83392K, used 0K [0x0000000085e00000, 0x000000008af70000, 0x00000000d74b0000)
  object space 83392K, 0% used [0x0000000085e00000,0x0000000085e00000,0x000000008af70000)
 PSPermGen       total 21248K, used 4265K [0x0000000080c00000, 0x00000000820c0000, 0x0000000085e00000)
  object space 21248K, 20% used [0x0000000080c00000,0x000000008102a498,0x00000000820c0000)
Event: 1.515 GC heap after
Heap after GC invocations=2 (full 0):
 PSYoungGen      total 36480K, used 5162K [0x00000000d74b0000, 0x00000000d9d60000, 0x0000000100000000)
  eden space 31296K, 0% used [0x00000000d74b0000,0x00000000d74b0000,0x00000000d9340000)
  from space 5184K, 99% used [0x00000000d9850000,0x00000000d9d5ab50,0x00000000d9d60000)
  to   space 5184K, 0% used [0x00000000d9340000,0x00000000d9340000,0x00000000d9850000)
 ParOldGen       total 83392K, used 5853K [0x0000000085e00000, 0x000000008af70000, 0x00000000d74b0000)
  object space 83392K, 7% used [0x0000000085e00000,0x00000000863b7520,0x000000008af70000)
 PSPermGen       total 21248K, used 4265K [0x0000000080c00000, 0x00000000820c0000, 0x0000000085e00000)
  object space 21248K, 20% used [0x0000000080c00000,0x000000008102a498,0x00000000820c0000)
}
Event: 1.978 GC heap before
{Heap before GC invocations=3 (full 0):
 PSYoungGen      total 36480K, used 36398K [0x00000000d74b0000, 0x00000000d9d60000, 0x0000000100000000)
  eden space 31296K, 99% used [0x00000000d74b0000,0x00000000d9330db0,0x00000000d9340000)
  from space 5184K, 99% used [0x00000000d9850000,0x00000000d9d5ab50,0x00000000d9d60000)
  to   space 5184K, 0% used [0x00000000d9340000,0x00000000d9340000,0x00000000d9850000)
 ParOldGen       total 83392K, used 5853K [0x0000000085e00000, 0x000000008af70000, 0x00000000d74b0000)
  object space 83392K, 7% used [0x0000000085e00000,0x00000000863b7520,0x000000008af70000)
 PSPermGen       total 21248K, used 4766K [0x0000000080c00000, 0x00000000820c0000, 0x0000000085e00000)
  object space 21248K, 22% used [0x0000000080c00000,0x00000000810a7838,0x00000000820c0000)
Event: 2.006 GC heap after
Heap after GC invocations=3 (full 0):
 PSYoungGen      total 36480K, used 5177K [0x00000000d74b0000, 0x00000000d9d60000, 0x0000000100000000)
  eden space 31296K, 0% used [0x00000000d74b0000,0x00000000d74b0000,0x00000000d9340000)
  from space 5184K, 99% used [0x00000000d9340000,0x00000000d984e460,0x00000000d9850000)
  to   space 5184K, 0% used [0x00000000d9850000,0x00000000d9850000,0x00000000d9d60000)
 ParOldGen       total 83392K, used 20457K [0x0000000085e00000, 0x000000008af70000, 0x00000000d74b0000)
  object space 83392K, 24% used [0x0000000085e00000,0x00000000871fa4c0,0x000000008af70000)
 PSPermGen       total 21248K, used 4766K [0x0000000080c00000, 0x00000000820c0000, 0x0000000085e00000)
  object space 21248K, 22% used [0x0000000080c00000,0x00000000810a7838,0x00000000820c0000)
}

